2024-09-25 12:30:03.347 [info] CLI main {"_":[],"diff":false,"merge":false,"add":false,"goto":false,"new-window":false,"reuse-window":false,"wait":false,"help":false,"list-extensions":false,"show-versions":false,"install-extension":["ms-vscode-remote.remote-ssh"],"pre-release":false,"update-extensions":false,"version":false,"verbose":false,"status":false,"prof-startup":false,"no-cached-data":false,"prof-v8-extensions":false,"disable-extensions":false,"disable-lcd-text":false,"disable-gpu":false,"disable-chromium-sandbox":false,"sandbox":false,"telemetry":false,"debugRenderer":false,"enable-smoke-test-driver":false,"logExtensionHostCommunication":false,"skip-release-notes":false,"skip-welcome":false,"disable-telemetry":false,"disable-updates":false,"use-inmemory-secretstorage":false,"disable-workspace-trust":false,"disable-crash-reporter":false,"skip-add-to-recently-opened":false,"open-url":false,"file-write":false,"file-chmod":false,"force":false,"do-not-sync":false,"trace":false,"preserve-env":false,"force-user-env":false,"force-disable-user-env":false,"open-devtools":false,"disable-gpu-sandbox":false,"__enable-file-policy":false,"enable-coi":false,"no-proxy-server":false,"no-sandbox":false,"nolazy":false,"force-renderer-accessibility":false,"ignore-certificate-errors":false,"allow-insecure-localhost":false,"disable-dev-shm-usage":false,"profile-temp":false,"logsPath":"/home/ubuntu/.config/Code/logs/20240925T123003"}
2024-09-25 12:30:03.357 [info] Started initializing default profile extensions in extensions installation folder. file:///home/ubuntu/.vscode/extensions
2024-09-25 12:30:03.499 [info] Completed initializing default profile extensions in extensions installation folder. file:///home/ubuntu/.vscode/extensions
2024-09-25 12:30:03.568 [error] [uncaught exception in CLI]: Error: ENOENT: no such file or directory, stat '/home/ubuntu/.vscode/extensions/extensions.json.vsctmp': EntryNotFound (FileSystemError): Error: ENOENT: no such file or directory, stat '/home/ubuntu/.vscode/extensions/extensions.json.vsctmp'
    at $.create (/usr/share/code/resources/app/out/vs/code/node/cli.js:34:6096)
    at c (/usr/share/code/resources/app/out/vs/code/node/cli.js:34:6216)
    at w.hb (/usr/share/code/resources/app/out/vs/code/node/cliProcessMain.js:29:35640)
    at w.stat (/usr/share/code/resources/app/out/vs/code/node/cliProcessMain.js:29:27967)
    at async i.stat (/usr/share/code/resources/app/out/vs/code/node/cliProcessMain.js:29:13897)
    at async U.ub (/usr/share/code/resources/app/out/vs/code/node/cliProcessMain.js:56:80083)
2024-09-25 12:30:03.752 [info] Getting Manifest... ms-vscode-remote.remote-ssh
2024-09-25 12:30:03.757 [info] Installing extension: ms-vscode-remote.remote-ssh {"isMachineScoped":false,"installPreReleaseVersion":false,"profileLocation":{"$mid":1,"external":"vscode-userdata:/home/ubuntu/.vscode/extensions/extensions.json","path":"/home/ubuntu/.vscode/extensions/extensions.json","scheme":"vscode-userdata"},"isBuiltin":false,"installGivenVersion":false,"isApplicationScoped":false,"installOnlyNewlyAddedFromExtensionPack":true,"productVersion":{"version":"1.93.1","date":"2024-09-11T17:20:05.685Z"}}
2024-09-25 12:30:03.854 [info] Getting Manifest... ms-vscode-remote.remote-ssh-edit
2024-09-25 12:30:03.859 [info] Getting Manifest... ms-vscode.remote-explorer
2024-09-25 12:30:03.899 [info] Installing extension: ms-vscode-remote.remote-ssh-edit {"isMachineScoped":false,"installPreReleaseVersion":false,"profileLocation":{"$mid":1,"external":"vscode-userdata:/home/ubuntu/.vscode/extensions/extensions.json","path":"/home/ubuntu/.vscode/extensions/extensions.json","scheme":"vscode-userdata"},"isBuiltin":false,"installGivenVersion":false,"isApplicationScoped":false,"installOnlyNewlyAddedFromExtensionPack":true,"productVersion":{"version":"1.93.1","date":"2024-09-11T17:20:05.685Z"},"context":{"dependecyOrPackExtensionInstall":true}}
2024-09-25 12:30:03.899 [info] Installing extension: ms-vscode.remote-explorer {"isMachineScoped":false,"installPreReleaseVersion":false,"profileLocation":{"$mid":1,"external":"vscode-userdata:/home/ubuntu/.vscode/extensions/extensions.json","path":"/home/ubuntu/.vscode/extensions/extensions.json","scheme":"vscode-userdata"},"isBuiltin":false,"installGivenVersion":false,"isApplicationScoped":false,"installOnlyNewlyAddedFromExtensionPack":true,"productVersion":{"version":"1.93.1","date":"2024-09-11T17:20:05.685Z"},"context":{"dependecyOrPackExtensionInstall":true}}
2024-09-25 12:30:07.128 [info] Extension signature verification result for ms-vscode-remote.remote-ssh-edit: Success. Executed: true. Duration: 3073ms.
2024-09-25 12:30:07.129 [info] Extension signature verification result for ms-vscode.remote-explorer: Success. Executed: true. Duration: 3094ms.
2024-09-25 12:30:07.132 [info] Extension signature verification result for ms-vscode-remote.remote-ssh: Success. Executed: true. Duration: 3086ms.
2024-09-25 12:30:07.204 [info] Extracted extension to file:///home/ubuntu/.vscode/extensions/ms-vscode.remote-explorer-0.4.3: ms-vscode.remote-explorer
2024-09-25 12:30:07.213 [info] Renamed to /home/ubuntu/.vscode/extensions/ms-vscode.remote-explorer-0.4.3
2024-09-25 12:30:07.253 [info] Extracted extension to file:///home/ubuntu/.vscode/extensions/ms-vscode-remote.remote-ssh-edit-0.86.0: ms-vscode-remote.remote-ssh-edit
2024-09-25 12:30:07.253 [info] Extracted extension to file:///home/ubuntu/.vscode/extensions/ms-vscode-remote.remote-ssh-0.114.3: ms-vscode-remote.remote-ssh
2024-09-25 12:30:07.260 [info] Renamed to /home/ubuntu/.vscode/extensions/ms-vscode-remote.remote-ssh-edit-0.86.0
2024-09-25 12:30:07.260 [info] Renamed to /home/ubuntu/.vscode/extensions/ms-vscode-remote.remote-ssh-0.114.3
2024-09-25 12:30:07.280 [info] Extension installed successfully: ms-vscode.remote-explorer vscode-userdata:/home/ubuntu/.vscode/extensions/extensions.json
2024-09-25 12:30:07.280 [info] Extension installed successfully: ms-vscode-remote.remote-ssh-edit vscode-userdata:/home/ubuntu/.vscode/extensions/extensions.json
2024-09-25 12:30:07.280 [info] Extension installed successfully: ms-vscode-remote.remote-ssh vscode-userdata:/home/ubuntu/.vscode/extensions/extensions.json
